Lanzada por el usuario [8mha:////4ASAjq7C/sSB4sIzq+4BVAAZsrwMTV3jKz30sL1zmxUIAAAAlx+LCAAAAAAAAP9b85aBtbiIQTGjNKU4P08vOT+vOD8nVc83PyU1x6OyILUoJzMv2y+/JJUBAhiZGBgqihhk0NSjKDWzXb3RdlLBUSYGJk8GtpzUvPSSDB8G5tKinBIGIZ+sxLJE/ZzEvHT94JKizLx0a6BxUmjGOUNodHsLgAzWEgZu/dLi1CL9xJTczDwAj6GcLcAAAAA=[0madmin
Ejecutando.en el espacio de trabajo C:\Users\sergiog\.jenkins\workspace\Run_Tests_Remote_Secuencial
 > git.exe rev-parse --is-inside-work-tree # timeout=10
Fetching changes from the remote Git repository
 > git.exe config remote.origin.url https://github.com/sglezcasco/sgc-tfgii.git # timeout=10
Fetching upstream changes from https://github.com/sglezcasco/sgc-tfgii.git
 > git.exe --version # timeout=10
 > git.exe fetch --tags --progress https://github.com/sglezcasco/sgc-tfgii.git +refs/heads/*:refs/remotes/origin/*
 > git.exe rev-parse "refs/remotes/origin/master^{commit}" # timeout=10
 > git.exe rev-parse "refs/remotes/origin/origin/master^{commit}" # timeout=10
Checking out Revision 82875a017b1715bca35760eec2c87a27d23ba747 (refs/remotes/origin/master)
 > git.exe config core.sparsecheckout # timeout=10
 > git.exe checkout -f 82875a017b1715bca35760eec2c87a27d23ba747
Commit message: "changes to include new attribute test"
 > git.exe rev-list --no-walk 634aa09871a9b18a96eeec3dcf86235a056718f3 # timeout=10
Run condition [Boolean condition] enabling prebuild for step [Ejecutar un comando de Windows]
Run condition [Boolean condition] enabling prebuild for step [Ejecutar un comando de Windows]
Run condition [Boolean condition] enabling prebuild for step [Ejecutar un comando de Windows]
Run condition [Boolean condition] enabling prebuild for step [Ejecutar un comando de Windows]
[Run_Tests_Remote_Secuencial] $ cmd /c call C:\Users\sergiog\AppData\Local\Temp\jenkins6716101478211534709.bat

C:\Users\sergiog\.jenkins\workspace\Run_Tests_Remote_Secuencial>mvn eclipse:eclipse 
[INFO] Scanning for projects...
[INFO]                                                                         
[INFO] ------------------------------------------------------------------------
[INFO] Building Selenium Tests 1.0.0
[INFO] ------------------------------------------------------------------------
[INFO] 
[INFO] >>> maven-eclipse-plugin:2.10:eclipse (default-cli) > generate-resources @ pruebas-selenium >>>
[INFO] 
[INFO] <<< maven-eclipse-plugin:2.10:eclipse (default-cli) < generate-resources @ pruebas-selenium <<<
[INFO] 
[INFO] --- maven-eclipse-plugin:2.10:eclipse (default-cli) @ pruebas-selenium ---
[INFO] Using Eclipse Workspace: null
[INFO] Adding default classpath container: org.eclipse.jdt.launching.JRE_CONTAINER/org.eclipse.jdt.internal.debug.ui.launcher.StandardVMType/JavaSE-1.8
[INFO] File C:\Users\sergiog\.jenkins\workspace\Run_Tests_Remote_Secuencial\.project already exists.
       Additional settings will be preserved, run mvn eclipse:clean if you want old settings to be removed.
[INFO] Wrote Eclipse project for "pruebas-selenium" to C:\Users\sergiog\.jenkins\workspace\Run_Tests_Remote_Secuencial.
[INFO] 
[INFO] ------------------------------------------------------------------------
[INFO] BUILD SUCCESS
[INFO] ------------------------------------------------------------------------
[INFO] Total time: 02:30 min
[INFO] Finished at: 2018-03-22T21:02:28+01:00
[INFO] Final Memory: 11M/124M
[INFO] ------------------------------------------------------------------------
[Boolean condition] checking [true] against [^(1|y|yes|t|true|on|run)$] (origin token: ${Firefox})
Run condition [Boolean condition] enabling perform for step [Ejecutar un comando de Windows]
[Run_Tests_Remote_Secuencial] $ cmd /c call C:\Users\sergiog\AppData\Local\Temp\jenkins943347814658214169.bat

C:\Users\sergiog\.jenkins\workspace\Run_Tests_Remote_Secuencial>mvn -Dtest=unir.net.tfgii.selenium.tests.Login,unir.net.tfgii.selenium.tests.Registro -DdriverProvider=MozillaFirefoxDriver -Dexecution=remote -Dhost=192.168.43.247test 
[INFO] Scanning for projects...
[INFO] ------------------------------------------------------------------------
[INFO] BUILD FAILURE
[INFO] ------------------------------------------------------------------------
[INFO] Total time: 0.078 s
[INFO] Finished at: 2018-03-22T21:02:31+01:00
[INFO] Final Memory: 5M/153M
[INFO] ------------------------------------------------------------------------
[ERROR] No goals have been specified for this build. You must specify a valid lifecycle phase or a goal in the format <plugin-prefix>:<goal> or <plugin-group-id>:<plugin-artifact-id>[:<plugin-version>]:<goal>. Available lifecycle phases are: validate, initialize, generate-sources, process-sources, generate-resources, process-resources, compile, process-classes, generate-test-sources, process-test-sources, generate-test-resources, process-test-resources, test-compile, process-test-classes, test, prepare-package, package, pre-integration-test, integration-test, post-integration-test, verify, install, deploy, pre-clean, clean, post-clean, pre-site, site, post-site, site-deploy. -> [Help 1]
[ERROR] 
[ERROR] To see the full stack trace of the errors, re-run Maven with the -e switch.
[ERROR] Re-run Maven using the -X switch to enable full debug logging.
[ERROR] 
[ERROR] For more information about the errors and possible solutions, please read the following articles:
[ERROR] [Help 1] http://cwiki.apache.org/confluence/display/MAVEN/NoGoalSpecifiedException
Build step 'Conditional step (single)' marked build as failure
Finished: FAILURE
